<?xml version="1.0" encoding="UTF-8"?>
<testng-results skipped="0" failed="0" ignored="0" total="2" passed="2">
  <reporter-output>
  </reporter-output>
  <suite name="Default suite" duration-ms="4154" started-at="2018-11-14T19:22:58Z" finished-at="2018-11-14T19:23:02Z">
    <groups>
    </groups>
    <test name="Default test" duration-ms="4154" started-at="2018-11-14T19:22:58Z" finished-at="2018-11-14T19:23:02Z">
      <class name="kalyan.account.JiraProject">
        <test-method status="PASS" signature="createSessionID()[pri:0, instance:kalyan.account.JiraProject@224edc67]" name="createSessionID" duration-ms="3933" started-at="2018-11-14T19:22:58Z" finished-at="2018-11-14T19:23:02Z">
          <reporter-output>
          </reporter-output>
        </test-method> <!-- createSessionID -->
        <test-method status="PASS" signature="loadProperties()[pri:0, instance:kalyan.account.JiraProject@224edc67]" name="loadProperties" duration-ms="140" started-at="2018-11-14T19:23:02Z" finished-at="2018-11-14T19:23:02Z">
          <reporter-output>
          </reporter-output>
        </test-method> <!-- loadProperties -->
      </class> <!-- kalyan.account.JiraProject -->
    </test> <!-- Default test -->
  </suite> <!-- Default suite -->
</testng-results>
